0 info it worked if it ends with ok
1 verbose cli [ 'node', '/usr/local/bin/npm', 'install', 'nodemon', '-g' ]
2 info using npm@2.1.12
3 info using node@v0.10.26
4 silly cache add args [ 'nodemon', null ]
5 verbose cache add spec nodemon
6 silly cache add parsed spec { raw: 'nodemon',
6 silly cache add   scope: null,
6 silly cache add   name: 'nodemon',
6 silly cache add   rawSpec: '',
6 silly cache add   spec: '*',
6 silly cache add   type: 'range' }
7 verbose addNamed nodemon@*
8 silly addNamed semver.valid null
9 silly addNamed semver.validRange *
10 silly addNameRange { name: 'nodemon', range: '*', hasData: false }
11 silly mapToRegistry name nodemon
12 silly mapToRegistry using default registry
13 silly mapToRegistry registry https://registry.npmjs.org/
14 silly mapToRegistry uri https://registry.npmjs.org/nodemon
15 verbose addNameRange registry:https://registry.npmjs.org/nodemon not in flight; fetching
16 verbose request uri https://registry.npmjs.org/nodemon
17 verbose request no auth needed
18 info attempt registry request try #1 at 17:23:47
19 verbose request id 9704cc33ca7f26fd
20 http request GET https://registry.npmjs.org/nodemon
21 http 200 https://registry.npmjs.org/nodemon
22 silly get cb [ 200,
22 silly get   { date: 'Wed, 10 Dec 2014 16:23:46 GMT',
22 silly get     server: 'CouchDB/1.5.0 (Erlang OTP/R16B03)',
22 silly get     etag: '"EZ5TYU9AC32J2LC0GNDSLFOP0"',
22 silly get     'content-type': 'application/json',
22 silly get     'cache-control': 'max-age=60',
22 silly get     'content-length': '134279',
22 silly get     'accept-ranges': 'bytes',
22 silly get     via: '1.1 varnish',
22 silly get     age: '48',
22 silly get     'x-served-by': 'cache-ams4147-AMS',
22 silly get     'x-cache': 'HIT',
22 silly get     'x-cache-hits': '1',
22 silly get     'x-timer': 'S1418228626.102070,VS0,VE1',
22 silly get     vary: 'Accept',
22 silly get     'keep-alive': 'timeout=10, max=50',
22 silly get     connection: 'Keep-Alive' } ]
23 silly addNameRange number 2 { name: 'nodemon', range: '*', hasData: true }
24 silly addNameRange versions [ 'nodemon',
24 silly addNameRange   [ '0.1.4',
24 silly addNameRange     '0.1.5',
24 silly addNameRange     '0.1.6',
24 silly addNameRange     '0.1.7',
24 silly addNameRange     '0.1.8',
24 silly addNameRange     '0.2.0',
24 silly addNameRange     '0.2.1',
24 silly addNameRange     '0.2.2',
24 silly addNameRange     '0.3.0',
24 silly addNameRange     '0.3.1',
24 silly addNameRange     '0.3.2',
24 silly addNameRange     '0.4.0',
24 silly addNameRange     '0.4.1',
24 silly addNameRange     '0.5.0',
24 silly addNameRange     '0.5.1',
24 silly addNameRange     '0.5.2',
24 silly addNameRange     '0.5.3',
24 silly addNameRange     '0.5.4',
24 silly addNameRange     '0.5.5',
24 silly addNameRange     '0.5.6',
24 silly addNameRange     '0.5.7',
24 silly addNameRange     '0.6.0',
24 silly addNameRange     '0.6.1',
24 silly addNameRange     '0.6.2',
24 silly addNameRange     '0.6.3',
24 silly addNameRange     '0.6.4',
24 silly addNameRange     '0.6.5',
24 silly addNameRange     '0.6.6',
24 silly addNameRange     '0.6.7',
24 silly addNameRange     '0.6.8',
24 silly addNameRange     '0.6.9',
24 silly addNameRange     '0.6.10',
24 silly addNameRange     '0.6.11',
24 silly addNameRange     '0.6.12',
24 silly addNameRange     '0.6.13',
24 silly addNameRange     '0.6.14',
24 silly addNameRange     '0.6.15',
24 silly addNameRange     '0.6.16',
24 silly addNameRange     '0.6.17',
24 silly addNameRange     '0.6.18',
24 silly addNameRange     '0.6.19',
24 silly addNameRange     '0.6.20',
24 silly addNameRange     '0.6.21',
24 silly addNameRange     '0.6.22',
24 silly addNameRange     '0.6.23',
24 silly addNameRange     '0.7.0',
24 silly addNameRange     '0.7.1',
24 silly addNameRange     '0.7.2',
24 silly addNameRange     '0.7.3',
24 silly addNameRange     '0.7.4',
24 silly addNameRange     '0.7.5',
24 silly addNameRange     '0.7.6',
24 silly addNameRange     '0.7.7',
24 silly addNameRange     '0.7.8',
24 silly addNameRange     '0.7.10',
24 silly addNameRange     '0.9.0',
24 silly addNameRange     '0.9.1',
24 silly addNameRange     '0.9.2',
24 silly addNameRange     '0.9.3',
24 silly addNameRange     '0.9.5',
24 silly addNameRange     '0.9.6',
24 silly addNameRange     '0.9.7',
24 silly addNameRange     '0.9.10',
24 silly addNameRange     '0.9.11',
24 silly addNameRange     '0.9.12',
24 silly addNameRange     '0.9.14',
24 silly addNameRange     '0.9.16',
24 silly addNameRange     '0.9.17',
24 silly addNameRange     '1.0.0',
24 silly addNameRange     '1.0.1',
24 silly addNameRange     '1.0.2',
24 silly addNameRange     '1.0.2-rc',
24 silly addNameRange     '0.6.10-a',
24 silly addNameRange     '1.0.2-rc3',
24 silly addNameRange     '1.0.2-rc4',
24 silly addNameRange     '1.0.3',
24 silly addNameRange     '1.0.4',
24 silly addNameRange     '1.0.5',
24 silly addNameRange     '1.0.6',
24 silly addNameRange     '1.0.7',
24 silly addNameRange     '1.0.8',
24 silly addNameRange     '1.0.9',
24 silly addNameRange     '1.0.10',
24 silly addNameRange     '1.0.11',
24 silly addNameRange     '1.0.12',
24 silly addNameRange     '1.0.13',
24 silly addNameRange     '1.0.14',
24 silly addNameRange     '1.0.15',
24 silly addNameRange     '1.0.16',
24 silly addNameRange     '1.0.17-rc1',
24 silly addNameRange     '1.0.17-rc2',
24 silly addNameRange     '1.0.17',
24 silly addNameRange     '1.0.18',
24 silly addNameRange     '1.0.19',
24 silly addNameRange     '1.0.20',
24 silly addNameRange     '1.1.0-alpha',
24 silly addNameRange     '1.1.0',
24 silly addNameRange     '1.1.1',
24 silly addNameRange     '1.2.0',
24 silly addNameRange     '1.2.1',
24 silly addNameRange     '1.3.0-0',
24 silly addNameRange     '1.3.0-1',
24 silly addNameRange     '1.3.0-2',
24 silly addNameRange     '1.3.0-3',
24 silly addNameRange     '1.3.0-4',
24 silly addNameRange     '1.3.0-5',
24 silly addNameRange     '1.3.0-6' ] ]
25 verbose addNamed nodemon@1.2.1
26 silly addNamed semver.valid 1.2.1
27 silly addNamed semver.validRange 1.2.1
28 silly mapToRegistry name nodemon
29 silly mapToRegistry using default registry
30 silly mapToRegistry registry https://registry.npmjs.org/
31 silly mapToRegistry uri https://registry.npmjs.org/nodemon
32 verbose addRemoteTarball https://registry.npmjs.org/nodemon/-/nodemon-1.2.1.tgz not in flight; adding
33 verbose addRemoteTarball [ 'https://registry.npmjs.org/nodemon/-/nodemon-1.2.1.tgz',
33 verbose addRemoteTarball   '02a288045652e92350e7d752a8054472ed2c4824' ]
34 info retry fetch attempt 1 at 17:23:48
35 info attempt registry request try #1 at 17:23:48
36 http fetch GET https://registry.npmjs.org/nodemon/-/nodemon-1.2.1.tgz
37 http fetch 200 https://registry.npmjs.org/nodemon/-/nodemon-1.2.1.tgz
38 silly fetchAndShaCheck shasum 02a288045652e92350e7d752a8054472ed2c4824
39 verbose addTmpTarball /var/folders/lr/vcyqtt3s03932ng9cnzd_bpm0000gn/T/npm-89462-d870eb8d/registry.npmjs.org/nodemon/-/nodemon-1.2.1.tgz not in flight; adding
40 verbose addTmpTarball already have metadata; skipping unpack for nodemon@1.2.1
41 silly cache afterAdd nodemon@1.2.1
42 verbose afterAdd /Users/filipmoons/.npm/nodemon/1.2.1/package/package.json not in flight; writing
43 verbose afterAdd /Users/filipmoons/.npm/nodemon/1.2.1/package/package.json written
44 silly install resolved [ { name: 'nodemon',
44 silly install resolved     homepage: 'http://nodemon.io',
44 silly install resolved     author: { name: 'Remy Sharp', url: 'http://github.com/remy' },
44 silly install resolved     bin: { nodemon: './bin/nodemon.js' },
44 silly install resolved     engines: { node: '>=0.8' },
44 silly install resolved     repository: { type: 'git', url: 'http://github.com/remy/nodemon.git' },
44 silly install resolved     description: 'Simple monitor script for use during development of a node.js app.',
44 silly install resolved     keywords:
44 silly install resolved      [ 'monitor',
44 silly install resolved        'development',
44 silly install resolved        'restart',
44 silly install resolved        'autoload',
44 silly install resolved        'reload',
44 silly install resolved        'terminal' ],
44 silly install resolved     version: '1.2.1',
44 silly install resolved     preferGlobal: 'true',
44 silly install resolved     licenses: [ [Object] ],
44 silly install resolved     main: './lib/nodemon',
44 silly install resolved     scripts:
44 silly install resolved      { coverage: 'istanbul cover _mocha -- --timeout 30000 --ui bdd --reporter list test/**/*.test.js',
44 silly install resolved        test: 'node_modules/mocha/bin/_mocha --timeout 30000 --ui bdd test/**/*.test.js',
44 silly install resolved        web: 'node web' },
44 silly install resolved     devDependencies:
44 silly install resolved      { connect: '~2.19.1',
44 silly install resolved        mocha: '~1.20.0',
44 silly install resolved        should: '~4.0.0',
44 silly install resolved        istanbul: '~0.2.10',
44 silly install resolved        touch: '~0.0.3',
44 silly install resolved        'coffee-script': '~1.7.1' },
44 silly install resolved     dependencies:
44 silly install resolved      { 'update-notifier': '~0.1.8',
44 silly install resolved        minimatch: '~0.3.0',
44 silly install resolved        'ps-tree': '~0.0.3' },
44 silly install resolved     bugs: { url: 'https://github.com/remy/nodemon/issues' },
44 silly install resolved     _id: 'nodemon@1.2.1',
44 silly install resolved     dist:
44 silly install resolved      { shasum: '02a288045652e92350e7d752a8054472ed2c4824',
44 silly install resolved        tarball: 'http://registry.npmjs.org/nodemon/-/nodemon-1.2.1.tgz' },
44 silly install resolved     _from: 'nodemon@*',
44 silly install resolved     _npmVersion: '1.3.24',
44 silly install resolved     _npmUser: { name: 'remy', email: 'remy@remysharp.com' },
44 silly install resolved     maintainers: [ [Object] ],
44 silly install resolved     directories: {},
44 silly install resolved     _shasum: '02a288045652e92350e7d752a8054472ed2c4824',
44 silly install resolved     _resolved: 'https://registry.npmjs.org/nodemon/-/nodemon-1.2.1.tgz' } ]
45 info install nodemon@1.2.1 into /usr/local/lib
46 info installOne nodemon@1.2.1
47 verbose installOne of nodemon to /usr/local/lib not in flight; installing
48 verbose lock using /Users/filipmoons/.npm/_locks/nodemon-49f7ed19e778991e.lock for /usr/local/lib/node_modules/nodemon
49 silly install write writing nodemon 1.2.1 to /usr/local/lib/node_modules/nodemon
50 silly cache addNamed cb nodemon@1.2.1
51 verbose unbuild lib/node_modules/nodemon
52 verbose gentlyRm vacuuming /usr/local/lib/node_modules/nodemon
53 verbose tar unpack /Users/filipmoons/.npm/nodemon/1.2.1/package.tgz
54 verbose tar unpacking to /usr/local/lib/node_modules/nodemon
55 verbose gentlyRm vacuuming /usr/local/lib/node_modules/nodemon
56 silly gunzTarPerm modes [ '755', '644' ]
57 error tar.unpack untar error /Users/filipmoons/.npm/nodemon/1.2.1/package.tgz
58 verbose unlock done using /Users/filipmoons/.npm/_locks/nodemon-49f7ed19e778991e.lock for /usr/local/lib/node_modules/nodemon
59 verbose fstream_path /usr/local/lib/node_modules/nodemon
60 verbose fstream_type Directory
61 verbose fstream_class DirWriter
62 verbose stack Error: EACCES, mkdir '/usr/local/lib/node_modules/nodemon'
63 verbose fstream_stack /usr/local/lib/node_modules/npm/node_modules/fstream/lib/dir-writer.js:36:23
63 verbose fstream_stack /usr/local/lib/node_modules/npm/node_modules/mkdirp/index.js:46:53
63 verbose fstream_stack Object.oncomplete (fs.js:107:15)
64 verbose cwd /Users/filipmoons/UIVUB/uivub
65 error Darwin 14.0.0
66 error argv "node" "/usr/local/bin/npm" "install" "nodemon" "-g"
67 error node v0.10.26
68 error npm  v2.1.12
69 error path /usr/local/lib/node_modules/nodemon
70 error code EACCES
71 error errno 3
72 error Error: EACCES, mkdir '/usr/local/lib/node_modules/nodemon'
72 error  { [Error: EACCES, mkdir '/usr/local/lib/node_modules/nodemon']
72 error   errno: 3,
72 error   code: 'EACCES',
72 error   path: '/usr/local/lib/node_modules/nodemon',
72 error   fstream_type: 'Directory',
72 error   fstream_path: '/usr/local/lib/node_modules/nodemon',
72 error   fstream_class: 'DirWriter',
72 error   fstream_stack:
72 error    [ '/usr/local/lib/node_modules/npm/node_modules/fstream/lib/dir-writer.js:36:23',
72 error      '/usr/local/lib/node_modules/npm/node_modules/mkdirp/index.js:46:53',
72 error      'Object.oncomplete (fs.js:107:15)' ] }
73 error Please try running this command again as root/Administrator.
74 verbose exit [ 3, true ]
75 verbose unbuild lib/node_modules/nodemon
76 verbose gentlyRm vacuuming /usr/local/lib/node_modules/nodemon
